@!@!@STARTMSG 2262:0 @!@!@
TLC2 Version 2.16 of 31 December 2020 (rev: cdddf55)
@!@!@ENDMSG 2262 @!@!@
@!@!@STARTMSG 2187:0 @!@!@
Running breadth-first search Model-Checking with fp 5 and seed 9102382731670253114 with 4 workers on 8 cores with 1202MB heap and 2700MB offheap memory [pid: 40992] (Windows 10 10.0 amd64, AdoptOpenJDK 14.0.1 x86_64, OffHeapDiskFPSet, DiskStateQueue).
@!@!@ENDMSG 2187 @!@!@
@!@!@STARTMSG 2220:0 @!@!@
Starting SANY...
@!@!@ENDMSG 2220 @!@!@
Parsing file C:\Users\Agno\Universita\Paradigmi\Concorrente\Assignment1\specs.toolbox\Model_1\MC.tla
Parsing file C:\Users\Agno\Universita\Paradigmi\Concorrente\Assignment1\specs.toolbox\Model_1\assignment1specs.tla
!! WARNING: The PlusCal algorithm in module assignment1specs has changed since its last translation.
Parsing file C:\Users\Agno\Universita\Paradigmi\Concorrente\TLAToolbox-1.7.1-win32.win32.x86_64\toolbox\plugins\org.lamport.tlatools_1.0.0.202012311918\tla2sany\StandardModules\TLC.tla
Parsing file C:\Users\Agno\Universita\Paradigmi\Concorrente\TLAToolbox-1.7.1-win32.win32.x86_64\toolbox\plugins\org.lamport.tlatools_1.0.0.202012311918\tla2sany\StandardModules\Sequences.tla
Parsing file C:\Users\Agno\Universita\Paradigmi\Concorrente\TLAToolbox-1.7.1-win32.win32.x86_64\toolbox\plugins\org.lamport.tlatools_1.0.0.202012311918\tla2sany\StandardModules\Integers.tla
Parsing file C:\Users\Agno\Universita\Paradigmi\Concorrente\TLAToolbox-1.7.1-win32.win32.x86_64\toolbox\plugins\org.lamport.tlatools_1.0.0.202012311918\tla2sany\StandardModules\Naturals.tla
Parsing file C:\Users\Agno\Universita\Paradigmi\Concorrente\TLAToolbox-1.7.1-win32.win32.x86_64\toolbox\plugins\org.lamport.tlatools_1.0.0.202012311918\tla2sany\StandardModules\FiniteSets.tla
Semantic processing of module Naturals
Semantic processing of module Sequences
Semantic processing of module FiniteSets
Semantic processing of module TLC
Semantic processing of module Integers
Semantic processing of module assignment1specs
Semantic processing of module MC
@!@!@STARTMSG 2219:0 @!@!@
SANY finished.
@!@!@ENDMSG 2219 @!@!@
@!@!@STARTMSG 2185:0 @!@!@
Starting... (2023-04-09 19:08:31)
@!@!@ENDMSG 2185 @!@!@
@!@!@STARTMSG 2230:1 @!@!@
The invariant of Threads is equal to 1..2
@!@!@ENDMSG 2230 @!@!@
@!@!@STARTMSG 2186:0 @!@!@
Finished in 444ms at (2023-04-09 19:08:31)
@!@!@ENDMSG 2186 @!@!@
